Active Conda env:                       *  /csghome/sm330/conda_envs/seml_pyt-tf
Training data size 394, Validation data size 49, Testing data size 49
Epoch [1/30]: train loss 0.5703696956489291 | val loss 0.570838028070878 | val dice 0.4291619816604926 | val iou 0.286363568232984
Epoch [2/30]: train loss 0.5354451745899801 | val loss 0.5484537567411151 | val dice 0.45154624265067433 | val iou 0.3057015848403074
Epoch [3/30]: train loss 0.5366131781321491 | val loss 0.5726845422569586 | val dice 0.42731546747441196 | val iou 0.28576172067194566
Epoch [4/30]: train loss 0.5262759391426435 | val loss 0.5636229831345227 | val dice 0.43637702173116255 | val iou 0.2940297728898574
Epoch [5/30]: train loss 0.5331128548244535 | val loss 0.5402902401223475 | val dice 0.4597097696090231 | val iou 0.31382313918094246
Epoch [6/30]: train loss 0.5107430395136024 | val loss 0.5545426911237289 | val dice 0.4454573186076417 | val iou 0.30174022304768466
Epoch [7/30]: train loss 0.5163483059950892 | val loss 0.5548111747722236 | val dice 0.44518883009346166 | val iou 0.30051279067993164
Epoch [8/30]: train loss 0.5217374142656471 | val loss 0.5317909048528088 | val dice 0.4682090951471913 | val iou 0.3204378777620744
Epoch [9/30]: train loss 0.508276104927063 | val loss 0.5570381952791797 | val dice 0.4429618047208202 | val iou 0.2982133103876698
Epoch [10/30]: train loss 0.5113122078973025 | val loss 0.5440900204133015 | val dice 0.4559099747210133 | val iou 0.30963045054552507
Epoch [11/30]: train loss 0.5152121494869291 | val loss 0.550840501882592 | val dice 0.4491595023748826 | val iou 0.3036908270144949
Epoch [12/30]: train loss 0.5032903167802065 | val loss 0.5481489142593072 | val dice 0.45185109060637807 | val iou 0.3066896175851627
Epoch [13/30]: train loss 0.5076536805496603 | val loss 0.5588464128727816 | val dice 0.4411535877354291 | val iou 0.2970414611758018
Epoch [14/30]: train loss 0.5203868392760378 | val loss 0.5579245710859493 | val dice 0.44207542404836536 | val iou 0.2974723942425786
Epoch [15/30]: train loss 0.5161114350188202 | val loss 0.5530005474479831 | val dice 0.44699944707812095 | val iou 0.3016305352960314
Epoch [16/30]: train loss 0.5067988758159773 | val loss 0.5659827821108759 | val dice 0.43401722822870525 | val iou 0.2902704100219571
Epoch [17/30]: train loss 0.5023953161263829 | val loss 0.5419993351916877 | val dice 0.45800067393147215 | val iou 0.31097908044347955
Epoch [18/30]: train loss 0.5103915745231706 | val loss 0.5470681920343515 | val dice 0.45293180370817376 | val iou 0.30624305228797755
Epoch [19/30]: train loss 0.5046030718663017 | val loss 0.5356803755370938 | val dice 0.4643196293285915 | val iou 0.3169990175840806
Epoch [20/30]: train loss 0.5068681342952748 | val loss 0.5686509341609721 | val dice 0.431349056715868 | val iou 0.28826436278771383
Epoch [21/30]: train loss 0.5027502194273895 | val loss 0.5405763655292745 | val dice 0.45942362960504024 | val iou 0.3121479567216367
Epoch [22/30]: train loss 0.4985523317671064 | val loss 0.561720432067404 | val dice 0.4382795776639666 | val iou 0.2947148145461569
Epoch [23/30]: train loss 0.49994625385642655 | val loss 0.547346720890123 | val dice 0.45265326998671707 | val iou 0.3068330470396548
Epoch [24/30]: train loss 0.5114975232763339 | val loss 0.5508777657333686 | val dice 0.4491222446062127 | val iou 0.3034936043680931
Epoch [25/30]: train loss 0.5096532003528575 | val loss 0.5513422318867275 | val dice 0.4486577778446431 | val iou 0.30323258103156575
Epoch [26/30]: train loss 0.5024394447428321 | val loss 0.5533562497216828 | val dice 0.4466437502783172 | val iou 0.3016977182456425
Epoch [27/30]: train loss 0.5102648523253233 | val loss 0.53383803610899 | val dice 0.4661619638910099 | val iou 0.3176850457580722
Epoch [28/30]: train loss 0.5203294309262697 | val loss 0.5553504106949787 | val dice 0.444649589913232 | val iou 0.29946619880442715
Epoch [29/30]: train loss 0.5013623975860286 | val loss 0.5507734490900623 | val dice 0.4492265460442524 | val iou 0.3034932662029656
Epoch [30/30]: train loss 0.5080461777406295 | val loss 0.5434373057618433 | val dice 0.45656269971205266 | val iou 0.3103054877446622
Save model to test_model.pth
Evaluation: dice score 0.5358980679512024, iou 0.3799583101272583
