Active Conda env:                       *  /csghome/sm330/conda_envs/seml_pyt-tf
Training data size 248, Validation data size 31, Testing data size 31
Epoch [1/30]: train loss 0.2920468190023976 | val loss 0.2741621944212144 | val dice 0.2261685392548961 | val iou 0.13790208077238453
Epoch [2/30]: train loss 0.2793507407749853 | val loss 0.24186247779477027 | val dice 0.2773348381442408 | val iou 0.17817950873605667
Epoch [3/30]: train loss 0.2520059265436665 | val loss 0.23052932129752252 | val dice 0.2959631806419742 | val iou 0.19083470971353592
Epoch [4/30]: train loss 0.24014936483675434 | val loss 0.20233288407325745 | val dice 0.3441576207837751 | val iou 0.22318142796716384
Epoch [5/30]: train loss 0.2131230268747576 | val loss 0.1910390805813574 | val dice 0.3638097845738934 | val iou 0.23667948428661592
Epoch [6/30]: train loss 0.20911651224859298 | val loss 0.1937607483517739 | val dice 0.3591262678946218 | val iou 0.23316521894547246
Epoch [7/30]: train loss 0.2083191030448483 | val loss 0.18946879717611498 | val dice 0.3668562173843384 | val iou 0.23935507670525583
Epoch [8/30]: train loss 0.20792718616224104 | val loss 0.19047953044214555 | val dice 0.3646141848256511 | val iou 0.2380887096928012
Epoch [9/30]: train loss 0.20655659177610952 | val loss 0.1888167271690984 | val dice 0.3678094446659088 | val iou 0.24034660862338159
Epoch [10/30]: train loss 0.20746189692328054 | val loss 0.1895608700090839 | val dice 0.36655016868345197 | val iou 0.23914644891215908
Epoch [11/30]: train loss 0.2070721806057038 | val loss 0.18699546735132894 | val dice 0.37107208947981557 | val iou 0.24261288969747483
Epoch [12/30]: train loss 0.20685660214193405 | val loss 0.18706463758022554 | val dice 0.3710320726517708 | val iou 0.24258702753051634
Epoch [13/30]: train loss 0.2051296777302219 | val loss 0.18825331474504164 | val dice 0.36877786632507076 | val iou 0.2406845429251271
Epoch [14/30]: train loss 0.20619667970365094 | val loss 0.18749921792937863 | val dice 0.3701409985942225 | val iou 0.2419331842853177
Epoch [15/30]: train loss 0.2039071980022615 | val loss 0.18818160122440708 | val dice 0.3689825996275871 | val iou 0.2408625147035045
Epoch [16/30]: train loss 0.20428741266650538 | val loss 0.18680229206239024 | val dice 0.37144714017068187 | val iou 0.24271313077019108
Epoch [17/30]: train loss 0.2040083009389139 | val loss 0.1868503511913361 | val dice 0.3713744859541616 | val iou 0.2428850310464059
Epoch [18/30]: train loss 0.20671498246731296 | val loss 0.186032596615053 | val dice 0.3729105245682501 | val iou 0.24389163524873794
Epoch [19/30]: train loss 0.20395062671553704 | val loss 0.18771323850077967 | val dice 0.3696934638484832 | val iou 0.24153139273966512
Epoch [20/30]: train loss 0.20371935636766494 | val loss 0.18883340301052218 | val dice 0.3677461416490616 | val iou 0.24009329657400807
Epoch [21/30]: train loss 0.20334611688890764 | val loss 0.1857824359209307 | val dice 0.37320917267953196 | val iou 0.24418302745588363
Epoch [22/30]: train loss 0.20481573141390277 | val loss 0.18586006904802016 | val dice 0.37308730809919294 | val iou 0.24397642718207452
Epoch [23/30]: train loss 0.2034876005303475 | val loss 0.18593950377356622 | val dice 0.37290852588991963 | val iou 0.2438402493153849
Epoch [24/30]: train loss 0.20332430591506342 | val loss 0.18650642758415592 | val dice 0.37183943871528874 | val iou 0.24310008845021647
Epoch [25/30]: train loss 0.20257788271673263 | val loss 0.1862150046133226 | val dice 0.372435063123703 | val iou 0.24362220110431795
Epoch [26/30]: train loss 0.20396058213326237 | val loss 0.18716125670940645 | val dice 0.37075887764653853 | val iou 0.2422799083494371
Epoch [27/30]: train loss 0.20486994328037386 | val loss 0.18500554080932372 | val dice 0.37472162419749844 | val iou 0.2452356800917656
Epoch [28/30]: train loss 0.2042468762205493 | val loss 0.18817695398484507 | val dice 0.36891770362854004 | val iou 0.2409222351927911
Epoch [29/30]: train loss 0.2039410202733932 | val loss 0.1870746588514697 | val dice 0.37115385070923834 | val iou 0.2426556291118745
Epoch [30/30]: train loss 0.204197948017428 | val loss 0.18602931163003367 | val dice 0.3727631607363301 | val iou 0.2438029291168336
Save model to test_model.pth
Evaluation: dice score 0.3450256511569023, iou 0.2223101370036602
