Active Conda env:                       *  /csghome/sm330/conda_envs/seml_pyt-tf
Training data size 248, Validation data size 31, Testing data size 31
Epoch [1/30]: train loss 0.8003133766112789 | val loss 0.7654374145692394 | val dice 0.23456258110461697 | val iou 0.1441452733932003
Epoch [2/30]: train loss 0.756830713441295 | val loss 0.6844524606581657 | val dice 0.3155475499168519 | val iou 0.20333096865684755
Epoch [3/30]: train loss 0.6824525556256694 | val loss 0.6435673582938409 | val dice 0.3564326340152371 | val iou 0.23319630084499235
Epoch [4/30]: train loss 0.6629942770927183 | val loss 0.6266199734903151 | val dice 0.37338002554831967 | val iou 0.24465772461506627
Epoch [5/30]: train loss 0.6607660881934627 | val loss 0.6230235791975453 | val dice 0.3769764361842986 | val iou 0.2471996949565026
Epoch [6/30]: train loss 0.6604277683842567 | val loss 0.6256311593517181 | val dice 0.3743688416096472 | val iou 0.24522449028107426
Epoch [7/30]: train loss 0.6591203808784485 | val loss 0.6248173002273806 | val dice 0.3751826997726194 | val iou 0.24526434415771114
Epoch [8/30]: train loss 0.6569688704706007 | val loss 0.6242509445836467 | val dice 0.3757490554163533 | val iou 0.2462523699768128
Epoch [9/30]: train loss 0.6556207191559577 | val loss 0.6238688865015584 | val dice 0.37613109811659784 | val iou 0.24661553098309424
Epoch [10/30]: train loss 0.6578840709501698 | val loss 0.6257770484493624 | val dice 0.3742229515506375 | val iou 0.2452819126267587
Epoch [11/30]: train loss 0.655312220896444 | val loss 0.6216529915409703 | val dice 0.3783470171113168 | val iou 0.24853808601056376
Epoch [12/30]: train loss 0.6558405083994712 | val loss 0.6253078868312221 | val dice 0.374692113168778 | val iou 0.24579570370335732
Epoch [13/30]: train loss 0.6542566803193861 | val loss 0.623045765584515 | val dice 0.37695424210640693 | val iou 0.24714018933234677
Epoch [14/30]: train loss 0.6566054936378233 | val loss 0.618438313084264 | val dice 0.3815616782634489 | val iou 0.25058533876172956
Epoch [15/30]: train loss 0.6535700098160775 | val loss 0.6271217061627296 | val dice 0.3728783005668271 | val iou 0.24430199303934652
Epoch [16/30]: train loss 0.6534322481001577 | val loss 0.6232381713005805 | val dice 0.37676182773805433 | val iou 0.24714140449800798
Epoch [17/30]: train loss 0.6509460345391305 | val loss 0.6196493448749665 | val dice 0.38035066281595536 | val iou 0.24981813325035956
Epoch [18/30]: train loss 0.6538910692737948 | val loss 0.619440047971664 | val dice 0.3805599520283361 | val iou 0.2497431631049802
Epoch [19/30]: train loss 0.6535582330919081 | val loss 0.6217532023306815 | val dice 0.3782467899783965 | val iou 0.24834689594084217
Epoch [20/30]: train loss 0.6514328602821596 | val loss 0.6228245689022925 | val dice 0.3771754378272641 | val iou 0.24746303212258122
Epoch [21/30]: train loss 0.6528352325962435 | val loss 0.6248647878246922 | val dice 0.3751352121753077 | val iou 0.2457686210832288
Epoch [22/30]: train loss 0.655162270992033 | val loss 0.6184938530768117 | val dice 0.3815061613436668 | val iou 0.2506731710126323
Epoch [23/30]: train loss 0.6538348467119278 | val loss 0.6218973725072799 | val dice 0.378102635183642 | val iou 0.24813924201073184
Epoch [24/30]: train loss 0.6529334014461886 | val loss 0.6224184613074025 | val dice 0.37758152427211883 | val iou 0.24764738688545843
Epoch [25/30]: train loss 0.6508815749999015 | val loss 0.6211636143345987 | val dice 0.37883638566540134 | val iou 0.24854057931130932
Epoch [26/30]: train loss 0.6538689963279232 | val loss 0.621961897419345 | val dice 0.3780381093102117 | val iou 0.248041189005298
Epoch [27/30]: train loss 0.6519709133332775 | val loss 0.621970163237664 | val dice 0.3780298444532579 | val iou 0.2479835267989866
Epoch [28/30]: train loss 0.6527887775051978 | val loss 0.6232489385912495 | val dice 0.3767510469882719 | val iou 0.24710156552253232
Epoch [29/30]: train loss 0.655976858831221 | val loss 0.6235871084274784 | val dice 0.3764128925338868 | val iou 0.24683875181982595
Epoch [30/30]: train loss 0.6576733070035135 | val loss 0.6229170637746011 | val dice 0.3770829439163208 | val iou 0.24715646812992711
Save model to test_model.pth
Evaluation: dice score 0.3470049872994423, iou 0.22396543622016907
