Active Conda env:                       *  /csghome/sm330/conda_envs/seml_pyt-tf
Training data size 248, Validation data size 31, Testing data size 31
Epoch [1/30]: train loss 0.2916418347627886 | val loss 0.26972530253471866 | val dice 0.2330268669512964 | val iou 0.14131070625397466
Epoch [2/30]: train loss 0.2730468857672907 | val loss 0.23755635946027695 | val dice 0.28454613301061815 | val iou 0.1753652379397423
Epoch [3/30]: train loss 0.22592013978189038 | val loss 0.19006812236001414 | val dice 0.36624153967826595 | val iou 0.2391419372250957
Epoch [4/30]: train loss 0.20592991382844986 | val loss 0.18666633290629234 | val dice 0.37212514877319336 | val iou 0.24330577446568397
Epoch [5/30]: train loss 0.20449761036903627 | val loss 0.18894931866276649 | val dice 0.368260427828758 | val iou 0.24004789658131137
Epoch [6/30]: train loss 0.20389227472966717 | val loss 0.18762310570286167 | val dice 0.3703993462747143 | val iou 0.2425782714159258
Epoch [7/30]: train loss 0.20326691673647973 | val loss 0.18631070371597044 | val dice 0.3725302671232531 | val iou 0.24390574232224496
Epoch [8/30]: train loss 0.20478849257192305 | val loss 0.18553748390366953 | val dice 0.3740344739729358 | val iou 0.24485934261352785
Epoch [9/30]: train loss 0.20314862026322272 | val loss 0.1860912860401215 | val dice 0.37304632125362275 | val iou 0.24437292545072495
Epoch [10/30]: train loss 0.203004811559954 | val loss 0.18237129238344008 | val dice 0.37979364202868554 | val iou 0.24888801622775295
Epoch [11/30]: train loss 0.20155879903224208 | val loss 0.18462590921309688 | val dice 0.3757284399001829 | val iou 0.24616944020794285
Epoch [12/30]: train loss 0.20103375661757686 | val loss 0.18290425740903424 | val dice 0.37869352102279663 | val iou 0.24807606589409611
Epoch [13/30]: train loss 0.20124524158816184 | val loss 0.18383282519155933 | val dice 0.37700666150739115 | val iou 0.24693833435735396
Epoch [14/30]: train loss 0.2009494271009199 | val loss 0.1836913175159885 | val dice 0.3772881156013858 | val iou 0.24718045226989255
Epoch [15/30]: train loss 0.1993665603860732 | val loss 0.18169679372541367 | val dice 0.38092144073978546 | val iou 0.2501395671598373
Epoch [16/30]: train loss 0.2027157924828991 | val loss 0.18411489119452815 | val dice 0.37646490431601004 | val iou 0.24669842710418086
Epoch [17/30]: train loss 0.20135240881673752 | val loss 0.18300439032816118 | val dice 0.3785259300662625 | val iou 0.24818578314396642
Epoch [18/30]: train loss 0.19961352309873026 | val loss 0.18126388903587096 | val dice 0.38156481712095197 | val iou 0.2503984368616535
Epoch [19/30]: train loss 0.2004246211821033 | val loss 0.1824902570055377 | val dice 0.37921390802629534 | val iou 0.24853292924742545
Epoch [20/30]: train loss 0.20068232090242447 | val loss 0.18229314011912193 | val dice 0.3797122028566176 | val iou 0.24904672753426335
Epoch [21/30]: train loss 0.19995567779387197 | val loss 0.18249472495048277 | val dice 0.37942651010328726 | val iou 0.24896549217162595
Epoch [22/30]: train loss 0.2021290635870349 | val loss 0.18167327921236714 | val dice 0.38080607210436174 | val iou 0.249750058497152
Epoch [23/30]: train loss 0.1992709554972187 | val loss 0.18236057652581122 | val dice 0.3795725328306998 | val iou 0.24894220069531472
Epoch [24/30]: train loss 0.20157926121065695 | val loss 0.1846740596717404 | val dice 0.37545581017771074 | val iou 0.24579192601865338
Epoch [25/30]: train loss 0.2007310135710624 | val loss 0.1813998746295129 | val dice 0.3813242123972985 | val iou 0.25017465122284427
Epoch [26/30]: train loss 0.20021288577587373 | val loss 0.18246037681256572 | val dice 0.37943851178692234 | val iou 0.24877878542869322
Epoch [27/30]: train loss 0.1997664652524456 | val loss 0.18199181220223826 | val dice 0.38039733421417976 | val iou 0.24963190863209386
Epoch [28/30]: train loss 0.20023831725120544 | val loss 0.18229433076996956 | val dice 0.37986825166210053 | val iou 0.24920071036584915
Epoch [29/30]: train loss 0.1998286848106692 | val loss 0.18214637906320633 | val dice 0.3800080860814741 | val iou 0.24921213282692817
Epoch [30/30]: train loss 0.20237069937490648 | val loss 0.18290205251786015 | val dice 0.37858892833032914 | val iou 0.248138849293032
Save model to test_model.pth
Evaluation: dice score 0.3475584015250206, iou 0.22434308752417564
