Active Conda env:                       *  /csghome/sm330/conda_envs/seml_pyt-tf
Training data size 394, Validation data size 49, Testing data size 49
Epoch [1/30]: train loss 0.6033717681308688 | val loss 0.5877200194767543 | val dice 0.41227997565756036 | val iou 0.2733274759078512
Epoch [2/30]: train loss 0.5532382321236703 | val loss 0.5707544368140551 | val dice 0.42924555832025957 | val iou 0.28650363124146755
Epoch [3/30]: train loss 0.5387466437925542 | val loss 0.5587198515327609 | val dice 0.441280153941135 | val iou 0.2962076816023613
Epoch [4/30]: train loss 0.5431126731301322 | val loss 0.5586805197657371 | val dice 0.441319471111103 | val iou 0.29812090250910545
Epoch [5/30]: train loss 0.5380211142719095 | val loss 0.5858505234426382 | val dice 0.4141494759491512 | val iou 0.2763521872004684
Epoch [6/30]: train loss 0.5434886220142926 | val loss 0.5484907967703683 | val dice 0.4515092087035276 | val iou 0.3052670748866334
Epoch [7/30]: train loss 0.5222292823839914 | val loss 0.5724464800893044 | val dice 0.4275535199106956 | val iou 0.2873276873510711
Epoch [8/30]: train loss 0.5335285887500356 | val loss 0.5478924330399961 | val dice 0.45210755236294803 | val iou 0.3061781531693984
Epoch [9/30]: train loss 0.5198893062959468 | val loss 0.5484574060050809 | val dice 0.4515425897374445 | val iou 0.306139346288175
Epoch [10/30]: train loss 0.5218267002081508 | val loss 0.5774834606112266 | val dice 0.42251653938877337 | val iou 0.2805520235275736
Epoch [11/30]: train loss 0.5195438783180896 | val loss 0.5760853558170552 | val dice 0.42391463870904883 | val iou 0.28160820080309495
Epoch [12/30]: train loss 0.5249992672561994 | val loss 0.560764019586602 | val dice 0.43923598527908325 | val iou 0.29478423084531513
Epoch [13/30]: train loss 0.5259021454051062 | val loss 0.55171351530114 | val dice 0.44828648469886 | val iou 0.3025296768363641
Epoch [14/30]: train loss 0.5222831910031701 | val loss 0.5643574631943995 | val dice 0.43564253193991526 | val iou 0.2923716629038052
Epoch [15/30]: train loss 0.5172204136243327 | val loss 0.5660825554205446 | val dice 0.4339174445794553 | val iou 0.2920555922449852
Epoch [16/30]: train loss 0.5209850714291413 | val loss 0.552892188636624 | val dice 0.44710782048653586 | val iou 0.30140505031663545
Epoch [17/30]: train loss 0.5173879268810834 | val loss 0.5517468561931532 | val dice 0.4482531535382174 | val iou 0.3038399779066748
Epoch [18/30]: train loss 0.5266009532860693 | val loss 0.5544344782829285 | val dice 0.44556553144844213 | val iou 0.3003266374675595
Epoch [19/30]: train loss 0.5037944785834569 | val loss 0.5689803945774935 | val dice 0.43101961089640245 | val iou 0.287216101373945
Epoch [20/30]: train loss 0.5087010809007635 | val loss 0.5587427470148826 | val dice 0.44125725785080266 | val iou 0.29678632288563006
Epoch [21/30]: train loss 0.5081754308666675 | val loss 0.548913764710329 | val dice 0.45108623528967096 | val iou 0.3048976635446354
Epoch [22/30]: train loss 0.5130194634350423 | val loss 0.5429432148836097 | val dice 0.45705678085891566 | val iou 0.31057450783496
Epoch [23/30]: train loss 0.5147766334756376 | val loss 0.5544959172910574 | val dice 0.44550407784325735 | val iou 0.30141759405330737
Epoch [24/30]: train loss 0.5093362724720524 | val loss 0.5683543037395088 | val dice 0.4316456962604912 | val iou 0.2891231909090159
Epoch [25/30]: train loss 0.5136342962381198 | val loss 0.5684516077138939 | val dice 0.43154838255473543 | val iou 0.28860535122910325
Epoch [26/30]: train loss 0.516137700092974 | val loss 0.5522945267813546 | val dice 0.44770547808433064 | val iou 0.3030702526472053
Epoch [27/30]: train loss 0.5078985902863711 | val loss 0.5801960862412745 | val dice 0.4198039143669362 | val iou 0.27969866747758826
Epoch [28/30]: train loss 0.5105943498272582 | val loss 0.5374362712003746 | val dice 0.46256373427352127 | val iou 0.3148522644626851
Epoch [29/30]: train loss 0.5038164394155977 | val loss 0.5604212308416561 | val dice 0.4395787740240292 | val iou 0.2952360389183979
Epoch [30/30]: train loss 0.507655561272868 | val loss 0.549899731363569 | val dice 0.4501002735021163 | val iou 0.3056832783076228
Save model to test_model.pth
Evaluation: dice score 0.5191312789916992, iou 0.36570974469184875
