Active Conda env:                       *  /csghome/sm330/conda_envs/seml_pyt-tf
Training data size 160, Validation data size 20, Testing data size 20
Epoch [1/30]: train loss 0.7972401797771453 | val loss 0.8318927168846131 | val dice 0.16810728013515472 | val iou 0.1000239223241806
Epoch [2/30]: train loss 0.7956107556819916 | val loss 0.8294658184051513 | val dice 0.1705341935157776 | val iou 0.10185127109289169
Epoch [3/30]: train loss 0.7908331036567688 | val loss 0.8201719641685485 | val dice 0.1798280268907547 | val iou 0.10860773026943207
Epoch [4/30]: train loss 0.7765868902206421 | val loss 0.7967576026916504 | val dice 0.203242427110672 | val iou 0.1254304200410843
Epoch [5/30]: train loss 0.7506500482559204 | val loss 0.7710355401039124 | val dice 0.2289644479751587 | val iou 0.14308343529701234
Epoch [6/30]: train loss 0.7308725416660309 | val loss 0.7607604265213013 | val dice 0.23923954367637634 | val iou 0.14958189725875853
Epoch [7/30]: train loss 0.7168390274047851 | val loss 0.7443931341171265 | val dice 0.2556068658828735 | val iou 0.15979384183883666
Epoch [8/30]: train loss 0.6959055542945862 | val loss 0.7168222427368164 | val dice 0.28317776322364807 | val iou 0.1774986207485199
Epoch [9/30]: train loss 0.6678368031978608 | val loss 0.7053131818771362 | val dice 0.29468684196472167 | val iou 0.18469842672348022
Epoch [10/30]: train loss 0.6583627760410309 | val loss 0.6986548185348511 | val dice 0.3013451874256134 | val iou 0.18947789072990417
Epoch [11/30]: train loss 0.6542178928852082 | val loss 0.6975931167602539 | val dice 0.3024068534374237 | val iou 0.19000686407089235
Epoch [12/30]: train loss 0.6534737765789032 | val loss 0.6976787090301514 | val dice 0.3023212730884552 | val iou 0.19015419483184814
Epoch [13/30]: train loss 0.6544780910015107 | val loss 0.6963494062423706 | val dice 0.3036505997180939 | val iou 0.19106104969978333
Epoch [14/30]: train loss 0.6512039780616761 | val loss 0.696244740486145 | val dice 0.30375525951385496 | val iou 0.19121650755405425
Epoch [15/30]: train loss 0.6497721195220947 | val loss 0.6982605457305908 | val dice 0.3017394483089447 | val iou 0.18957771062850953
Epoch [16/30]: train loss 0.6502727627754211 | val loss 0.6960537195205688 | val dice 0.30394627451896666 | val iou 0.1911977171897888
Epoch [17/30]: train loss 0.6493816018104553 | val loss 0.6987662553787232 | val dice 0.30123374462127683 | val iou 0.1893799126148224
Epoch [18/30]: train loss 0.6484901249408722 | val loss 0.6973795652389526 | val dice 0.30262041091918945 | val iou 0.1902470827102661
Epoch [19/30]: train loss 0.6504399836063385 | val loss 0.6949495315551758 | val dice 0.3050504744052887 | val iou 0.19205669462680816
Epoch [20/30]: train loss 0.6509913980960846 | val loss 0.6983690142631531 | val dice 0.30163098573684693 | val iou 0.18959539532661437
Epoch [21/30]: train loss 0.6487076282501221 | val loss 0.6984493374824524 | val dice 0.3015506863594055 | val iou 0.18947036266326905
Epoch [22/30]: train loss 0.650951474905014 | val loss 0.6964030265808105 | val dice 0.3035969793796539 | val iou 0.19095946252346038
Epoch [23/30]: train loss 0.6512958347797394 | val loss 0.6959460020065308 | val dice 0.3040540039539337 | val iou 0.19136633574962617
Epoch [24/30]: train loss 0.6482470989227295 | val loss 0.6984719634056091 | val dice 0.30152803659439087 | val iou 0.18950933516025542
Epoch [25/30]: train loss 0.6514101684093475 | val loss 0.6962392449378967 | val dice 0.30376075506210326 | val iou 0.19101186096668243
Epoch [26/30]: train loss 0.650786566734314 | val loss 0.6965413331985474 | val dice 0.3034586668014526 | val iou 0.19088863730430602
Epoch [27/30]: train loss 0.648666250705719 | val loss 0.6948407411575317 | val dice 0.3051592528820038 | val iou 0.19197854101657869
Epoch [28/30]: train loss 0.6487040162086487 | val loss 0.6974642515182495 | val dice 0.30253573060035704 | val iou 0.19024740159511566
Epoch [29/30]: train loss 0.648061066865921 | val loss 0.6947619557380676 | val dice 0.30523804426193235 | val iou 0.19204841554164886
Epoch [30/30]: train loss 0.6505288004875183 | val loss 0.6978167533874512 | val dice 0.3021832525730133 | val iou 0.19006672203540803
Save model to test_model.pth
Evaluation: dice score 0.3245014756917953, iou 0.20801701694726943
