Active Conda env:                       *  /csghome/sm330/conda_envs/seml_pyt-tf
Training data size 248, Validation data size 31, Testing data size 31
Epoch [1/30]: train loss 0.8005827126964447 | val loss 0.7720890698894378 | val dice 0.22791092241964034 | val iou 0.13811321700772933
Epoch [2/30]: train loss 0.7866986586201575 | val loss 0.73728980172065 | val dice 0.26271019106911075 | val iou 0.15956385097196024
Epoch [3/30]: train loss 0.7381529596544081 | val loss 0.6574792458165076 | val dice 0.34252074649257047 | val iou 0.2206104585239964
Epoch [4/30]: train loss 0.6810864248583394 | val loss 0.6386888680919525 | val dice 0.3613111242171257 | val iou 0.23554393937510829
Epoch [5/30]: train loss 0.6721157989194316 | val loss 0.6366932680529933 | val dice 0.36330673194700674 | val iou 0.23681610053585422
Epoch [6/30]: train loss 0.6682871003304759 | val loss 0.634403492173841 | val dice 0.365596515517081 | val iou 0.2386306115696507
Epoch [7/30]: train loss 0.6693493877687762 | val loss 0.6370486924725194 | val dice 0.3629513229093244 | val iou 0.236797692314271
Epoch [8/30]: train loss 0.6677181047777976 | val loss 0.6332254486699258 | val dice 0.3667745446005175 | val iou 0.23958594231836258
Epoch [9/30]: train loss 0.6668197820263524 | val loss 0.6305786948050222 | val dice 0.3694213273063783 | val iou 0.2413411029884892
Epoch [10/30]: train loss 0.6650591838744379 | val loss 0.631359871356718 | val dice 0.368640128643282 | val iou 0.2407551460689114
Epoch [11/30]: train loss 0.6655298798314987 | val loss 0.6339947235199713 | val dice 0.36600527648002873 | val iou 0.23882745302492572
Epoch [12/30]: train loss 0.6621579585536834 | val loss 0.6346863700497535 | val dice 0.36531362129795936 | val iou 0.23848597128545085
Epoch [13/30]: train loss 0.6644396935739825 | val loss 0.6331910740944647 | val dice 0.36680891917597863 | val iou 0.2392956547198757
Epoch [14/30]: train loss 0.6606582172455326 | val loss 0.6349030752335826 | val dice 0.3650969401482613 | val iou 0.237913875329879
Epoch [15/30]: train loss 0.6640576008827456 | val loss 0.6298988249994093 | val dice 0.37010116730966874 | val iou 0.24176223720273665
Epoch [16/30]: train loss 0.6602020340581094 | val loss 0.6292602650580867 | val dice 0.37073974263283516 | val iou 0.2423579558249443
Epoch [17/30]: train loss 0.6613011821623771 | val loss 0.6289262310151131 | val dice 0.37107377571444355 | val iou 0.24249029640228517
Epoch [18/30]: train loss 0.661566557422761 | val loss 0.6311271748235149 | val dice 0.3688728251764851 | val iou 0.24090039633935498
Epoch [19/30]: train loss 0.660424861215776 | val loss 0.6286234009650445 | val dice 0.3713765990349554 | val iou 0.24279318076948966
Epoch [20/30]: train loss 0.6579402704392711 | val loss 0.63123446126138 | val dice 0.3687655464295418 | val iou 0.24089710077931803
Epoch [21/30]: train loss 0.6609041979235988 | val loss 0.6320077180862427 | val dice 0.367992288643314 | val iou 0.24038459697077352
Epoch [22/30]: train loss 0.6599173526610097 | val loss 0.6329930367008332 | val dice 0.36700695560824487 | val iou 0.2394906590061803
Epoch [23/30]: train loss 0.6602576451916848 | val loss 0.6307736692890045 | val dice 0.3692263230200737 | val iou 0.24125025397346866
Epoch [24/30]: train loss 0.658820467610513 | val loss 0.6258029399379608 | val dice 0.374197066791596 | val iou 0.24494338996948734
Epoch [25/30]: train loss 0.6610356569290161 | val loss 0.6303649064033262 | val dice 0.3696351003262304 | val iou 0.24144585574826888
Epoch [26/30]: train loss 0.6589356391660629 | val loss 0.6308746953164378 | val dice 0.36912530468356225 | val iou 0.24114272959770694
Epoch [27/30]: train loss 0.6598165977385736 | val loss 0.6279984866419146 | val dice 0.37200151239672014 | val iou 0.24334123874864272
Epoch [28/30]: train loss 0.6602590007166709 | val loss 0.6307729617241891 | val dice 0.3692270613485767 | val iou 0.2412092036777927
Epoch [29/30]: train loss 0.6603746664139533 | val loss 0.6285266299401561 | val dice 0.3714733767894007 | val iou 0.2427827235191099
Epoch [30/30]: train loss 0.6575332303200999 | val loss 0.6279994518526139 | val dice 0.3720005404564642 | val iou 0.24325656554391306
Save model to test_model.pth
Evaluation: dice score 0.3411949649453163, iou 0.21947987377643585
